<?xml version="1.0" encoding="UTF-8"?>
<!-- Generated by org.testng.reporters.JUnitXMLReporter -->
<testsuite ignored="0" hostname="LAPTOP-GRLETHFU" failures="0" tests="5" name="Test" time="35.789" errors="0" timestamp="2024-12-19T14:48:17 IST">
  <testcase classname="testCases.TC_LoginTest" name="logintesttc" time="2.159"/>
  <testcase classname="testCases.TC_LoginTest" name="menusecttc" time="3.118"/>
  <testcase classname="testCases.TC_LoginTest" name="productpagetc" time="1.186"/>
  <testcase classname="testCases.TC_LoginTest" name="cartpagetc" time="2.961"/>
  <testcase classname="testCases.TC_LoginTest" name="shipaddpage" time="19.647"/>
</testsuite> <!-- Test -->
