<?xml version="1.0" encoding="UTF-8"?>
<testng-results ignored="0" total="7" passed="7" failed="0" skipped="0">
  <reporter-output>
  </reporter-output>
  <suite started-at="2025-01-23T10:31:04 IST" name="Default suite" finished-at="2025-01-23T10:31:36 IST" duration-ms="32256">
    <groups>
    </groups>
    <test started-at="2025-01-23T10:31:04 IST" name="Default test" finished-at="2025-01-23T10:31:36 IST" duration-ms="32256">
      <class name="testCases.Caseexecutor">
        <test-method is-config="true" signature="setup()[pri:0, instance:testCases.Caseexecutor@63f259c3]" started-at="2025-01-23T10:31:04 IST" name="setup" finished-at="2025-01-23T10:31:08 IST" duration-ms="4821" status="PASS">
          <reporter-output>
          </reporter-output>
        </test-method> <!-- setup -->
        <test-method signature="Loginpage()[pri:0, instance:testCases.Caseexecutor@63f259c3]" started-at="2025-01-23T10:31:08 IST" name="Loginpage" finished-at="2025-01-23T10:31:10 IST" duration-ms="1415" status="PASS">
          <reporter-output>
          </reporter-output>
        </test-method> <!-- Loginpage -->
        <test-method signature="Popclose()[pri:1, instance:testCases.Caseexecutor@63f259c3]" started-at="2025-01-23T10:31:10 IST" name="Popclose" finished-at="2025-01-23T10:31:14 IST" duration-ms="4113" status="PASS">
          <reporter-output>
          </reporter-output>
        </test-method> <!-- Popclose -->
        <test-method signature="Categoriespage()[pri:2, instance:testCases.Caseexecutor@63f259c3]" started-at="2025-01-23T10:31:14 IST" name="Categoriespage" finished-at="2025-01-23T10:31:15 IST" duration-ms="771" status="PASS">
          <reporter-output>
          </reporter-output>
        </test-method> <!-- Categoriespage -->
        <test-method signature="Blogpage()[pri:3, instance:testCases.Caseexecutor@63f259c3]" started-at="2025-01-23T10:31:15 IST" name="Blogpage" finished-at="2025-01-23T10:31:16 IST" duration-ms="1453" status="PASS">
          <reporter-output>
          </reporter-output>
        </test-method> <!-- Blogpage -->
        <test-method signature="Blogpostcreation()[pri:4, instance:testCases.Caseexecutor@63f259c3]" started-at="2025-01-23T10:31:16 IST" name="Blogpostcreation" finished-at="2025-01-23T10:31:22 IST" duration-ms="5469" status="PASS">
          <reporter-output>
          </reporter-output>
        </test-method> <!-- Blogpostcreation -->
        <test-method signature="Blogpostdashboard()[pri:5, instance:testCases.Caseexecutor@63f259c3]" started-at="2025-01-23T10:31:22 IST" name="Blogpostdashboard" finished-at="2025-01-23T10:31:34 IST" duration-ms="12390" status="PASS">
          <reporter-output>
          </reporter-output>
        </test-method> <!-- Blogpostdashboard -->
        <test-method signature="Blogpostedit()[pri:6, instance:testCases.Caseexecutor@63f259c3]" started-at="2025-01-23T10:31:34 IST" name="Blogpostedit" finished-at="2025-01-23T10:31:36 IST" duration-ms="1790" status="PASS">
          <reporter-output>
          </reporter-output>
        </test-method> <!-- Blogpostedit -->
      </class> <!-- testCases.Caseexecutor -->
    </test> <!-- Default test -->
  </suite> <!-- Default suite -->
</testng-results>
